  [1m[35m (318.9ms)[0m  [1m[35mCREATE DATABASE "bank_api_project" ENCODING = 'unicode'[0m
  [1m[35m (75.2ms)[0m  [1m[35mCREATE DATABASE "bank_api_test" ENCODING = 'unicode'[0m
  [1m[35m (10.6ms)[0m  [1m[35mCREATE TABLE "schema_migrations" ("version" character varying NOT NULL PRIMARY KEY)[0m
  [1m[35m (6.5ms)[0m  [1m[35mCREATE TABLE "ar_internal_metadata" ("key" character varying NOT NULL PRIMARY KEY, "value" character varying, "created_at" timestamp(6) NOT NULL, "updated_at" timestamp(6) NOT NULL)[0m
  [1m[35m (0.5ms)[0m  [1m[34mSELECT pg_try_advisory_lock(7717928714427561630)[0m
  [1m[36mActiveRecord::SchemaMigration Pluck (0.9ms)[0m  [1m[34mSELECT "schema_migrations"."version" FROM "schema_migrations" ORDER BY "schema_migrations"."version" ASC[0m
Migrating to DeviseCreateAdminUsers (20230803055728)
  [1m[36mTRANSACTION (0.3ms)[0m  [1m[35mBEGIN[0m
  [1m[35m (7.1ms)[0m  [1m[35mCREATE TABLE "admin_users" ("id" bigserial primary key, "email" character varying DEFAULT '' NOT NULL, "encrypted_password" character varying DEFAULT '' NOT NULL, "reset_password_token" character varying, "reset_password_sent_at" timestamp(6), "remember_created_at" timestamp(6), "created_at" timestamp(6) NOT NULL, "updated_at" timestamp(6) NOT NULL)[0m
  [1m[35m (2.6ms)[0m  [1m[35mCREATE UNIQUE INDEX "index_admin_users_on_email" ON "admin_users" ("email")[0m
  [1m[35m (3.2ms)[0m  [1m[35mCREATE UNIQUE INDEX "index_admin_users_on_reset_password_token" ON "admin_users" ("reset_password_token")[0m
  [1m[36mActiveRecord::SchemaMigration Create (0.7ms)[0m  [1m[32mINSERT INTO "schema_migrations" ("version") VALUES ($1) RETURNING "version"[0m  [["version", "20230803055728"]]
  [1m[36mTRANSACTION (1.1ms)[0m  [1m[35mCOMMIT[0m
Migrating to CreateActiveAdminComments (20230803055731)
  [1m[36mTRANSACTION (0.4ms)[0m  [1m[35mBEGIN[0m
  [1m[35m (6.4ms)[0m  [1m[35mCREATE TABLE "active_admin_comments" ("id" bigserial primary key, "namespace" character varying, "body" text, "resource_type" character varying, "resource_id" bigint, "author_type" character varying, "author_id" bigint, "created_at" timestamp(6) NOT NULL, "updated_at" timestamp(6) NOT NULL)[0m
  [1m[35m (2.7ms)[0m  [1m[35mCREATE INDEX "index_active_admin_comments_on_resource" ON "active_admin_comments" ("resource_type", "resource_id")[0m
  [1m[35m (3.2ms)[0m  [1m[35mCREATE INDEX "index_active_admin_comments_on_author" ON "active_admin_comments" ("author_type", "author_id")[0m
  [1m[35m (3.2ms)[0m  [1m[35mCREATE INDEX "index_active_admin_comments_on_namespace" ON "active_admin_comments" ("namespace")[0m
  [1m[36mActiveRecord::SchemaMigration Create (0.4ms)[0m  [1m[32mINSERT INTO "schema_migrations" ("version") VALUES ($1) RETURNING "version"[0m  [["version", "20230803055731"]]
  [1m[36mTRANSACTION (1.1ms)[0m  [1m[35mCOMMIT[0m
Migrating to CreateAccounts (20230803061324)
  [1m[36mTRANSACTION (0.3ms)[0m  [1m[35mBEGIN[0m
  [1m[35m (6.8ms)[0m  [1m[35mCREATE TABLE "accounts" ("id" bigserial primary key, "cust_id" character varying, "name" character varying, "amount" integer, "pin" character varying, "created_at" timestamp(6) NOT NULL, "updated_at" timestamp(6) NOT NULL)[0m
  [1m[36mActiveRecord::SchemaMigration Create (0.6ms)[0m  [1m[32mINSERT INTO "schema_migrations" ("version") VALUES ($1) RETURNING "version"[0m  [["version", "20230803061324"]]
  [1m[36mTRANSACTION (1.3ms)[0m  [1m[35mCOMMIT[0m
  [1m[36mActiveRecord::InternalMetadata Load (0.5ms)[0m  [1m[34mSELECT "ar_internal_metadata".* FROM "ar_internal_metadata" WHERE "ar_internal_metadata"."key" = $1 LIMIT $2[0m  [["key", "environment"], ["LIMIT", 1]]
  [1m[36mTRANSACTION (0.3ms)[0m  [1m[35mBEGIN[0m
  [1m[36mActiveRecord::InternalMetadata Create (0.9ms)[0m  [1m[32mINSERT INTO "ar_internal_metadata" ("key", "value", "created_at", "updated_at") VALUES ($1, $2, $3, $4) RETURNING "key"[0m  [["key", "environment"], ["value", "development"], ["created_at", "2023-08-03 06:21:03.364501"], ["updated_at", "2023-08-03 06:21:03.364501"]]
  [1m[36mTRANSACTION (1.0ms)[0m  [1m[35mCOMMIT[0m
  [1m[35m (0.6ms)[0m  [1m[34mSELECT pg_advisory_unlock(7717928714427561630)[0m
  [1m[36mActiveRecord::SchemaMigration Pluck (1.1ms)[0m  [1m[34mSELECT "schema_migrations"."version" FROM "schema_migrations" ORDER BY "schema_migrations"."version" ASC[0m
  [1m[36mActiveRecord::SchemaMigration Pluck (1.2ms)[0m  [1m[34mSELECT "schema_migrations"."version" FROM "schema_migrations" ORDER BY "schema_migrations"."version" ASC[0m
  [1m[36mTRANSACTION (0.3ms)[0m  [1m[35mBEGIN[0m
  [1m[36mAdminUser Exists? (1.0ms)[0m  [1m[34mSELECT 1 AS one FROM "admin_users" WHERE "admin_users"."email" = $1 LIMIT $2[0m  [["email", "admin@example.com"], ["LIMIT", 1]]
  [1m[36mAdminUser Create (0.9ms)[0m  [1m[32mINSERT INTO "admin_users" ("email", "encrypted_password", "reset_password_token", "reset_password_sent_at", "remember_created_at", "created_at", "updated_at") VALUES ($1, $2, $3, $4, $5, $6, $7) RETURNING "id"[0m  [["email", "admin@example.com"], ["encrypted_password", "[FILTERED]"], ["reset_password_token", "[FILTERED]"], ["reset_password_sent_at", "[FILTERED]"], ["remember_created_at", nil], ["created_at", "2023-08-03 06:21:13.749818"], ["updated_at", "2023-08-03 06:21:13.749818"]]
  [1m[36mTRANSACTION (1.6ms)[0m  [1m[35mCOMMIT[0m
Started POST "/accounts" for ::1 at 2023-08-03 12:13:55 +0530
  [1m[36mActiveRecord::SchemaMigration Pluck (1.4ms)[0m  [1m[34mSELECT "schema_migrations"."version" FROM "schema_migrations" ORDER BY "schema_migrations"."version" ASC[0m
  
NameError (undefined local variable or method `pin' for Account:Class
Did you mean?  print):
  
app/models/account.rb:3:in `<class:Account>'
app/models/account.rb:1:in `<main>'
Started POST "/accounts" for ::1 at 2023-08-03 12:14:30 +0530
Processing by AccountsController#create as */*
  Parameters: {"cust_id"=>"geeta@12", "name"=>"geeta", "pin"=>1234, "amount"=>10000, "account"=>{"cust_id"=>"geeta@12", "name"=>"geeta", "amount"=>10000, "pin"=>1234}}
Can't verify CSRF token authenticity.
Completed 422 Unprocessable Entity in 1ms (ActiveRecord: 4.0ms | Allocations: 551)


  
ActionController::InvalidAuthenticityToken (Can't verify CSRF token authenticity.):
  
actionpack (7.0.6) lib/action_controller/metal/request_forgery_protection.rb:253:in `handle_unverified_request'
actionpack (7.0.6) lib/action_controller/metal/request_forgery_protection.rb:286:in `handle_unverified_request'
devise (4.9.2) lib/devise/controllers/helpers.rb:255:in `handle_unverified_request'
actionpack (7.0.6) lib/action_controller/metal/request_forgery_protection.rb:275:in `verify_authenticity_token'
activesupport (7.0.6) lib/active_support/callbacks.rb:400:in `block in make_lambda'
activesupport (7.0.6) lib/active_support/callbacks.rb:199:in `block (2 levels) in halting'
actionpack (7.0.6) lib/abstract_controller/callbacks.rb:34:in `block (2 levels) in <module:Callbacks>'
activesupport (7.0.6) lib/active_support/callbacks.rb:200:in `block in halting'
activesupport (7.0.6) lib/active_support/callbacks.rb:595:in `block in invoke_before'
activesupport (7.0.6) lib/active_support/callbacks.rb:595:in `each'
activesupport (7.0.6) lib/active_support/callbacks.rb:595:in `invoke_before'
activesupport (7.0.6) lib/active_support/callbacks.rb:116:in `block in run_callbacks'
activesupport (7.0.6) lib/active_support/callbacks.rb:138:in `run_callbacks'
actionpack (7.0.6) lib/abstract_controller/callbacks.rb:233:in `process_action'
actionpack (7.0.6) lib/action_controller/metal/rescue.rb:23:in `process_action'
actionpack (7.0.6) lib/action_controller/metal/instrumentation.rb:67:in `block in process_action'
activesupport (7.0.6) lib/active_support/notifications.rb:206:in `block in instrument'
activesupport (7.0.6) lib/active_support/notifications/instrumenter.rb:24:in `instrument'
activesupport (7.0.6) lib/active_support/notifications.rb:206:in `instrument'
actionpack (7.0.6) lib/action_controller/metal/instrumentation.rb:66:in `process_action'
actionpack (7.0.6) lib/action_controller/metal/params_wrapper.rb:259:in `process_action'
activerecord (7.0.6) lib/active_record/railties/controller_runtime.rb:27:in `process_action'
actionpack (7.0.6) lib/abstract_controller/base.rb:151:in `process'
actionview (7.0.6) lib/action_view/rendering.rb:39:in `process'
actionpack (7.0.6) lib/action_controller/metal.rb:188:in `dispatch'
actionpack (7.0.6) lib/action_controller/metal.rb:251:in `dispatch'
actionpack (7.0.6) lib/action_dispatch/routing/route_set.rb:49:in `dispatch'
actionpack (7.0.6) lib/action_dispatch/routing/route_set.rb:32:in `serve'
actionpack (7.0.6) lib/action_dispatch/journey/router.rb:50:in `block in serve'
actionpack (7.0.6) lib/action_dispatch/journey/router.rb:32:in `each'
actionpack (7.0.6) lib/action_dispatch/journey/router.rb:32:in `serve'
actionpack (7.0.6) lib/action_dispatch/routing/route_set.rb:852:in `call'
rack (2.2.8) lib/rack/method_override.rb:24:in `call'
rack (2.2.8) lib/rack/session/abstract/id.rb:266:in `context'
rack (2.2.8) lib/rack/session/abstract/id.rb:260:in `call'
actionpack (7.0.6) lib/action_dispatch/middleware/cookies.rb:704:in `call'
warden (1.2.9) lib/warden/manager.rb:36:in `block in call'
warden (1.2.9) lib/warden/manager.rb:34:in `catch'
warden (1.2.9) lib/warden/manager.rb:34:in `call'
rack (2.2.8) lib/rack/etag.rb:27:in `call'
rack (2.2.8) lib/rack/conditional_get.rb:40:in `call'
rack (2.2.8) lib/rack/head.rb:12:in `call'
activerecord (7.0.6) lib/active_record/migration.rb:603:in `call'
actionpack (7.0.6) lib/action_dispatch/middleware/callbacks.rb:27:in `block in call'
activesupport (7.0.6) lib/active_support/callbacks.rb:99:in `run_callbacks'
actionpack (7.0.6) lib/action_dispatch/middleware/callbacks.rb:26:in `call'
actionpack (7.0.6) lib/action_dispatch/middleware/executor.rb:14:in `call'
actionpack (7.0.6) lib/action_dispatch/middleware/actionable_exceptions.rb:17:in `call'
actionpack (7.0.6) lib/action_dispatch/middleware/debug_exceptions.rb:28:in `call'
web-console (4.2.0) lib/web_console/middleware.rb:132:in `call_app'
web-console (4.2.0) lib/web_console/middleware.rb:28:in `block in call'
web-console (4.2.0) lib/web_console/middleware.rb:17:in `catch'
web-console (4.2.0) lib/web_console/middleware.rb:17:in `call'
actionpack (7.0.6) lib/action_dispatch/middleware/show_exceptions.rb:29:in `call'
railties (7.0.6) lib/rails/rack/logger.rb:40:in `call_app'
railties (7.0.6) lib/rails/rack/logger.rb:25:in `block in call'
activesupport (7.0.6) lib/active_support/tagged_logging.rb:99:in `block in tagged'
activesupport (7.0.6) lib/active_support/tagged_logging.rb:37:in `tagged'
activesupport (7.0.6) lib/active_support/tagged_logging.rb:99:in `tagged'
railties (7.0.6) lib/rails/rack/logger.rb:25:in `call'
sprockets-rails (3.4.2) lib/sprockets/rails/quiet_assets.rb:13:in `call'
actionpack (7.0.6) lib/action_dispatch/middleware/remote_ip.rb:93:in `call'
actionpack (7.0.6) lib/action_dispatch/middleware/request_id.rb:26:in `call'
rack (2.2.8) lib/rack/runtime.rb:22:in `call'
activesupport (7.0.6) lib/active_support/cache/strategy/local_cache_middleware.rb:29:in `call'
actionpack (7.0.6) lib/action_dispatch/middleware/server_timing.rb:61:in `block in call'
actionpack (7.0.6) lib/action_dispatch/middleware/server_timing.rb:26:in `collect_events'
actionpack (7.0.6) lib/action_dispatch/middleware/server_timing.rb:60:in `call'
actionpack (7.0.6) lib/action_dispatch/middleware/executor.rb:14:in `call'
actionpack (7.0.6) lib/action_dispatch/middleware/static.rb:23:in `call'
rack (2.2.8) lib/rack/sendfile.rb:110:in `call'
actionpack (7.0.6) lib/action_dispatch/middleware/host_authorization.rb:137:in `call'
railties (7.0.6) lib/rails/engine.rb:530:in `call'
puma (5.6.6) lib/puma/configuration.rb:252:in `call'
puma (5.6.6) lib/puma/request.rb:77:in `block in handle_request'
puma (5.6.6) lib/puma/thread_pool.rb:340:in `with_force_shutdown'
puma (5.6.6) lib/puma/request.rb:76:in `handle_request'
puma (5.6.6) lib/puma/server.rb:443:in `process_client'
puma (5.6.6) lib/puma/thread_pool.rb:147:in `block in spawn_thread'
Started POST "/accounts" for ::1 at 2023-08-03 12:15:53 +0530
Processing by AccountsController#create as */*
  Parameters: {"cust_id"=>"geeta@12", "name"=>"geeta", "pin"=>1234, "amount"=>10000, "account"=>{"cust_id"=>"geeta@12", "name"=>"geeta", "amount"=>10000, "pin"=>1234}}
Can't verify CSRF token authenticity.
  [1m[36mTRANSACTION (0.4ms)[0m  [1m[35mBEGIN[0m
  ↳ app/controllers/accounts_controller.rb:5:in `create'
  [1m[36mAccount Exists? (1.0ms)[0m  [1m[34mSELECT 1 AS one FROM "accounts" WHERE "accounts"."cust_id" = $1 LIMIT $2[0m  [["cust_id", "geeta@12"], ["LIMIT", 1]]
  ↳ app/controllers/accounts_controller.rb:5:in `create'
  [1m[36mAccount Create (0.9ms)[0m  [1m[32mINSERT INTO "accounts" ("cust_id", "name", "amount", "pin", "created_at", "updated_at") VALUES ($1, $2, $3, $4, $5, $6) RETURNING "id"[0m  [["cust_id", "geeta@12"], ["name", "geeta"], ["amount", 10000], ["pin", "1234"], ["created_at", "2023-08-03 06:45:54.104690"], ["updated_at", "2023-08-03 06:45:54.104690"]]
  ↳ app/controllers/accounts_controller.rb:5:in `create'
  [1m[36mTRANSACTION (1.1ms)[0m  [1m[35mCOMMIT[0m
  ↳ app/controllers/accounts_controller.rb:5:in `create'
Completed 200 OK in 54ms (Views: 0.6ms | ActiveRecord: 9.1ms | Allocations: 24318)


Started POST "/accounts" for ::1 at 2023-08-03 12:16:03 +0530
Processing by AccountsController#create as */*
  Parameters: {"cust_id"=>"geeta@12", "name"=>"geeta", "pin"=>1234, "amount"=>10000, "account"=>{"cust_id"=>"geeta@12", "name"=>"geeta", "amount"=>10000, "pin"=>1234}}
Can't verify CSRF token authenticity.
  [1m[36mTRANSACTION (0.9ms)[0m  [1m[35mBEGIN[0m
  ↳ app/controllers/accounts_controller.rb:5:in `create'
  [1m[36mAccount Exists? (1.5ms)[0m  [1m[34mSELECT 1 AS one FROM "accounts" WHERE "accounts"."cust_id" = $1 LIMIT $2[0m  [["cust_id", "geeta@12"], ["LIMIT", 1]]
  ↳ app/controllers/accounts_controller.rb:5:in `create'
  [1m[36mTRANSACTION (1.7ms)[0m  [1m[31mROLLBACK[0m
  ↳ app/controllers/accounts_controller.rb:5:in `create'
Completed 200 OK in 18ms (Views: 0.4ms | ActiveRecord: 4.1ms | Allocations: 2606)


Started POST "/accounts" for ::1 at 2023-08-03 12:16:35 +0530
Processing by AccountsController#create as */*
  Parameters: {"cust_id"=>"priya@12", "name"=>"priya", "pin"=>1234, "amount"=>100, "account"=>{"cust_id"=>"priya@12", "name"=>"priya", "amount"=>100, "pin"=>1234}}
Can't verify CSRF token authenticity.
  [1m[36mTRANSACTION (0.5ms)[0m  [1m[35mBEGIN[0m
  ↳ app/controllers/accounts_controller.rb:5:in `create'
  [1m[36mAccount Exists? (0.6ms)[0m  [1m[34mSELECT 1 AS one FROM "accounts" WHERE "accounts"."cust_id" = $1 LIMIT $2[0m  [["cust_id", "priya@12"], ["LIMIT", 1]]
  ↳ app/controllers/accounts_controller.rb:5:in `create'
  [1m[36mTRANSACTION (0.3ms)[0m  [1m[31mROLLBACK[0m
  ↳ app/controllers/accounts_controller.rb:5:in `create'
Completed 200 OK in 12ms (Views: 0.3ms | ActiveRecord: 1.4ms | Allocations: 2559)


Started POST "/accounts" for ::1 at 2023-08-03 12:18:33 +0530
Processing by AccountsController#create as */*
  Parameters: {"cust_id"=>"priya@12", "name"=>"priya", "pin"=>1234, "amount"=>100, "account"=>{"cust_id"=>"priya@12", "name"=>"priya", "amount"=>100, "pin"=>1234}}
Can't verify CSRF token authenticity.
  [1m[36mTRANSACTION (0.4ms)[0m  [1m[35mBEGIN[0m
  ↳ app/controllers/accounts_controller.rb:5:in `create'
  [1m[36mAccount Exists? (1.0ms)[0m  [1m[34mSELECT 1 AS one FROM "accounts" WHERE "accounts"."cust_id" = $1 LIMIT $2[0m  [["cust_id", "priya@12"], ["LIMIT", 1]]
  ↳ app/controllers/accounts_controller.rb:5:in `create'
  [1m[36mTRANSACTION (0.3ms)[0m  [1m[31mROLLBACK[0m
  ↳ app/controllers/accounts_controller.rb:5:in `create'
Completed 200 OK in 19ms (Views: 1.6ms | ActiveRecord: 7.6ms | Allocations: 4895)


Started GET "/deposite_money?cust_id=geeta@12&deposit_money=200" for ::1 at 2023-08-03 14:03:16 +0530
Processing by AccountsController#deposit as */*
  Parameters: {"cust_id"=>"geeta@12", "deposit_money"=>"200"}
  [1m[36mAccount Load (0.6ms)[0m  [1m[34mSELECT "accounts".* FROM "accounts" WHERE "accounts"."cust_id" = $1 LIMIT $2[0m  [["cust_id", "geeta@12"], ["LIMIT", 1]]
  ↳ app/controllers/accounts_controller.rb:14:in `deposit'
Completed 500 Internal Server Error in 39ms (ActiveRecord: 11.0ms | Allocations: 6456)


  
TypeError (String can't be coerced into Integer):
  
app/controllers/accounts_controller.rb:16:in `+'
app/controllers/accounts_controller.rb:16:in `deposit'
Started GET "/deposite_money?cust_id=geeta@12&deposit_money=200" for ::1 at 2023-08-03 14:03:35 +0530
Processing by AccountsController#deposit as */*
  Parameters: {"cust_id"=>"geeta@12", "deposit_money"=>"200"}
  [1m[36mAccount Load (0.4ms)[0m  [1m[34mSELECT "accounts".* FROM "accounts" WHERE "accounts"."cust_id" = $1 LIMIT $2[0m  [["cust_id", "geeta@12"], ["LIMIT", 1]]
  ↳ app/controllers/accounts_controller.rb:14:in `deposit'
Completed 500 Internal Server Error in 23ms (ActiveRecord: 10.6ms | Allocations: 3686)


  
TypeError (String can't be coerced into Integer):
  
app/controllers/accounts_controller.rb:16:in `+'
app/controllers/accounts_controller.rb:16:in `deposit'
Started GET "/deposite_money?cust_id=geeta@12&deposit_money=200" for ::1 at 2023-08-03 14:04:02 +0530
Processing by AccountsController#deposit as */*
  Parameters: {"cust_id"=>"geeta@12", "deposit_money"=>"200"}
  [1m[36mAccount Load (0.6ms)[0m  [1m[34mSELECT "accounts".* FROM "accounts" WHERE "accounts"."cust_id" = $1 LIMIT $2[0m  [["cust_id", "geeta@12"], ["LIMIT", 1]]
  ↳ app/controllers/accounts_controller.rb:14:in `deposit'
Completed 500 Internal Server Error in 29ms (ActiveRecord: 9.1ms | Allocations: 6472)


  
NameError (undefined local variable or method `byebug' for #<AccountsController:0x0000000002ea90>):
  
app/controllers/accounts_controller.rb:16:in `deposit'
Started GET "/deposite_money?cust_id=geeta@12&deposit_money=200" for ::1 at 2023-08-03 14:06:13 +0530
  [1m[36mActiveRecord::SchemaMigration Pluck (1.2ms)[0m  [1m[34mSELECT "schema_migrations"."version" FROM "schema_migrations" ORDER BY "schema_migrations"."version" ASC[0m
Processing by AccountsController#deposit as */*
  Parameters: {"cust_id"=>"geeta@12", "deposit_money"=>"200"}
  [1m[36mAccount Load (0.9ms)[0m  [1m[34mSELECT "accounts".* FROM "accounts" WHERE "accounts"."cust_id" = $1 LIMIT $2[0m  [["cust_id", "geeta@12"], ["LIMIT", 1]]
  ↳ app/controllers/accounts_controller.rb:14:in `deposit'
Completed 500 Internal Server Error in 46ms (ActiveRecord: 8.5ms | Allocations: 21719)


  
TypeError (String can't be coerced into Integer):
  
app/controllers/accounts_controller.rb:16:in `+'
app/controllers/accounts_controller.rb:16:in `deposit'
Started GET "/deposite_money?cust_id=geeta@12&deposit_money=200" for ::1 at 2023-08-03 14:06:30 +0530
Processing by AccountsController#deposit as */*
  Parameters: {"cust_id"=>"geeta@12", "deposit_money"=>"200"}
  [1m[36mAccount Load (0.5ms)[0m  [1m[34mSELECT "accounts".* FROM "accounts" WHERE "accounts"."cust_id" = $1 LIMIT $2[0m  [["cust_id", "geeta@12"], ["LIMIT", 1]]
  ↳ app/controllers/accounts_controller.rb:14:in `deposit'
Completed 500 Internal Server Error in 27ms (ActiveRecord: 6.6ms | Allocations: 6508)


  
NameError (undefined local variable or method `byebug' for #<AccountsController:0x00000000014a00>):
  
app/controllers/accounts_controller.rb:16:in `deposit'
Started GET "/deposite_money?cust_id=geeta@12&deposit_money=200" for ::1 at 2023-08-03 14:07:12 +0530
  [1m[36mActiveRecord::SchemaMigration Pluck (1.6ms)[0m  [1m[34mSELECT "schema_migrations"."version" FROM "schema_migrations" ORDER BY "schema_migrations"."version" ASC[0m
Processing by AccountsController#deposit as */*
  Parameters: {"cust_id"=>"geeta@12", "deposit_money"=>"200"}
  [1m[36mAccount Load (0.7ms)[0m  [1m[34mSELECT "accounts".* FROM "accounts" WHERE "accounts"."cust_id" = $1 LIMIT $2[0m  [["cust_id", "geeta@12"], ["LIMIT", 1]]
  ↳ app/controllers/accounts_controller.rb:14:in `deposit'
Completed 500 Internal Server Error in 55ms (ActiveRecord: 10.6ms | Allocations: 24541)


  
NameError (undefined local variable or method `byebug' for #<AccountsController:0x0000000000f438>):
  
app/controllers/accounts_controller.rb:16:in `deposit'
Started GET "/deposite_money?cust_id=geeta@12&deposit_money=200" for ::1 at 2023-08-03 14:08:07 +0530
Processing by AccountsController#deposit as */*
  Parameters: {"cust_id"=>"geeta@12", "deposit_money"=>"200"}
  [1m[36mAccount Load (0.6ms)[0m  [1m[34mSELECT "accounts".* FROM "accounts" WHERE "accounts"."cust_id" = $1 LIMIT $2[0m  [["cust_id", "geeta@12"], ["LIMIT", 1]]
  ↳ app/controllers/accounts_controller.rb:15:in `deposit'
Completed 500 Internal Server Error in 32651ms (ActiveRecord: 6.7ms | Allocations: 113166)


  
TypeError (String can't be coerced into Integer):
  
app/controllers/accounts_controller.rb:18:in `+'
app/controllers/accounts_controller.rb:18:in `deposit'
Started GET "/deposite_money?cust_id=geeta@12&deposit_money=200" for ::1 at 2023-08-03 14:09:04 +0530
Processing by AccountsController#deposit as */*
  Parameters: {"cust_id"=>"geeta@12", "deposit_money"=>"200"}
  [1m[36mAccount Load (0.5ms)[0m  [1m[34mSELECT "accounts".* FROM "accounts" WHERE "accounts"."cust_id" = $1 LIMIT $2[0m  [["cust_id", "geeta@12"], ["LIMIT", 1]]
  ↳ app/controllers/accounts_controller.rb:15:in `deposit'
Completed 200 OK in 24ms (Views: 1.3ms | ActiveRecord: 6.5ms | Allocations: 4303)


Started GET "/deposite_money?cust_id=geeta@127&deposit_money=200" for ::1 at 2023-08-03 14:09:30 +0530
Processing by AccountsController#deposit as */*
  Parameters: {"cust_id"=>"geeta@127", "deposit_money"=>"200"}
  [1m[36mAccount Load (0.5ms)[0m  [1m[34mSELECT "accounts".* FROM "accounts" WHERE "accounts"."cust_id" = $1 LIMIT $2[0m  [["cust_id", "geeta@127"], ["LIMIT", 1]]
  ↳ app/controllers/accounts_controller.rb:15:in `deposit'
Completed 200 OK in 4ms (Views: 0.3ms | ActiveRecord: 0.5ms | Allocations: 647)


Started GET "/deposit_money?cust_id=geeta@12&deposit_money=200" for ::1 at 2023-08-03 14:11:52 +0530
  
SyntaxError (/home/hp/pixo/Learning/bank_api_project/config/routes.rb:8: unterminated string meets end of file
/home/hp/pixo/Learning/bank_api_project/config/routes.rb:8: syntax error, unexpected end-of-input, expecting `end'):
  
config/routes.rb:8: unterminated string meets end of file
config/routes.rb:8: syntax error, unexpected end-of-input, expecting `end'
config/routes.rb:8: unterminated string meets end of file
config/routes.rb:8: syntax error, unexpected end-of-input, expecting `end'
config/routes.rb:8: unterminated string meets end of file
config/routes.rb:8: syntax error, unexpected end-of-input, expecting `end'
Started GET "/deposit_money?cust_id=geeta@12&deposit_money=200" for ::1 at 2023-08-03 14:12:05 +0530
Processing by AccountsController#deposit as */*
  Parameters: {"cust_id"=>"geeta@12", "deposit_money"=>"200"}
  [1m[36mAccount Load (0.4ms)[0m  [1m[34mSELECT "accounts".* FROM "accounts" WHERE "accounts"."cust_id" = $1 LIMIT $2[0m  [["cust_id", "geeta@12"], ["LIMIT", 1]]
  ↳ app/controllers/accounts_controller.rb:15:in `deposit'
Completed 200 OK in 18ms (Views: 1.6ms | ActiveRecord: 5.0ms | Allocations: 3530)


Started GET "/deposit_money?cust_id=geeta@12&deposit_money=200" for ::1 at 2023-08-03 14:12:14 +0530
Processing by AccountsController#deposit as */*
  Parameters: {"cust_id"=>"geeta@12", "deposit_money"=>"200"}
  [1m[36mAccount Load (0.5ms)[0m  [1m[34mSELECT "accounts".* FROM "accounts" WHERE "accounts"."cust_id" = $1 LIMIT $2[0m  [["cust_id", "geeta@12"], ["LIMIT", 1]]
  ↳ app/controllers/accounts_controller.rb:15:in `deposit'
Completed 200 OK in 12ms (Views: 7.5ms | ActiveRecord: 0.5ms | Allocations: 747)


Started GET "/deposit_money?cust_id=geeta@12&deposit_money=300" for ::1 at 2023-08-03 14:13:27 +0530
Processing by AccountsController#deposit as */*
  Parameters: {"cust_id"=>"geeta@12", "deposit_money"=>"300"}
  [1m[36mAccount Load (0.4ms)[0m  [1m[34mSELECT "accounts".* FROM "accounts" WHERE "accounts"."cust_id" = $1 LIMIT $2[0m  [["cust_id", "geeta@12"], ["LIMIT", 1]]
  ↳ app/controllers/accounts_controller.rb:15:in `deposit'
Completed 200 OK in 25892ms (Views: 1.4ms | ActiveRecord: 4.9ms | Allocations: 5754)


Started GET "/deposit_money?cust_id=geeta@12&deposit_money=300" for ::1 at 2023-08-03 14:14:27 +0530
Processing by AccountsController#deposit as */*
  Parameters: {"cust_id"=>"geeta@12", "deposit_money"=>"300"}
  [1m[36mAccount Load (0.4ms)[0m  [1m[34mSELECT "accounts".* FROM "accounts" WHERE "accounts"."cust_id" = $1 LIMIT $2[0m  [["cust_id", "geeta@12"], ["LIMIT", 1]]
  ↳ app/controllers/accounts_controller.rb:15:in `deposit'
Completed 200 OK in 12390ms (Views: 1.0ms | ActiveRecord: 5.4ms | Allocations: 5589)


Started GET "/deposit_money?cust_id=geeta@12&deposit_money=300" for ::1 at 2023-08-03 14:15:56 +0530
Processing by AccountsController#deposit as */*
  Parameters: {"cust_id"=>"geeta@12", "deposit_money"=>"300"}
  [1m[36mAccount Load (0.4ms)[0m  [1m[34mSELECT "accounts".* FROM "accounts" WHERE "accounts"."cust_id" = $1 LIMIT $2[0m  [["cust_id", "geeta@12"], ["LIMIT", 1]]
  ↳ app/controllers/accounts_controller.rb:15:in `deposit'
Completed 500 Internal Server Error in 31ms (ActiveRecord: 4.8ms | Allocations: 6575)


  
NameError (undefined local variable or method `amount' for #<AccountsController:0x0000000002eef0>
Did you mean?  account):
  
app/controllers/accounts_controller.rb:19:in `deposit'
  [1m[36mAccount Load (0.7ms)[0m  [1m[34mSELECT "accounts".* FROM "accounts" ORDER BY "accounts"."id" DESC LIMIT $1[0m  [["LIMIT", 1]]
  [1m[36mAccount Load (0.5ms)[0m  [1m[34mSELECT "accounts".* FROM "accounts" ORDER BY "accounts"."id" DESC LIMIT $1[0m  [["LIMIT", 1]]
  [1m[36mTRANSACTION (0.3ms)[0m  [1m[35mBEGIN[0m
  [1m[36mAccount Exists? (0.8ms)[0m  [1m[34mSELECT 1 AS one FROM "accounts" WHERE "accounts"."cust_id" = $1 AND "accounts"."id" != $2 LIMIT $3[0m  [["cust_id", "geeta@12"], ["id", 1], ["LIMIT", 1]]
  [1m[36mTRANSACTION (0.2ms)[0m  [1m[31mROLLBACK[0m
  [1m[36mTRANSACTION (0.3ms)[0m  [1m[35mBEGIN[0m
  [1m[36mAccount Exists? (0.5ms)[0m  [1m[34mSELECT 1 AS one FROM "accounts" WHERE "accounts"."cust_id" = $1 AND "accounts"."id" != $2 LIMIT $3[0m  [["cust_id", "geeta@12"], ["id", 1], ["LIMIT", 1]]
  [1m[36mTRANSACTION (0.4ms)[0m  [1m[31mROLLBACK[0m
  [1m[36mTRANSACTION (0.3ms)[0m  [1m[35mBEGIN[0m
  [1m[36mAccount Exists? (0.5ms)[0m  [1m[34mSELECT 1 AS one FROM "accounts" WHERE "accounts"."cust_id" = $1 AND "accounts"."id" != $2 LIMIT $3[0m  [["cust_id", "geeta@12"], ["id", 1], ["LIMIT", 1]]
  [1m[36mTRANSACTION (0.3ms)[0m  [1m[31mROLLBACK[0m
Started GET "/deposit_money?cust_id=geeta@12&deposit_money=300" for ::1 at 2023-08-03 14:20:55 +0530
Processing by AccountsController#deposit as */*
  Parameters: {"cust_id"=>"geeta@12", "deposit_money"=>"300"}
  [1m[36mAccount Load (0.4ms)[0m  [1m[34mSELECT "accounts".* FROM "accounts" WHERE "accounts"."cust_id" = $1 LIMIT $2[0m  [["cust_id", "geeta@12"], ["LIMIT", 1]]
  ↳ app/controllers/accounts_controller.rb:15:in `deposit'
  [1m[36mTRANSACTION (2.5ms)[0m  [1m[35mBEGIN[0m
  ↳ (byebug):1:in `deposit'
  [1m[36mAccount Exists? (0.7ms)[0m  [1m[34mSELECT 1 AS one FROM "accounts" WHERE "accounts"."cust_id" = $1 AND "accounts"."id" != $2 LIMIT $3[0m  [["cust_id", "geeta@12"], ["id", 1], ["LIMIT", 1]]
  ↳ (byebug):1:in `deposit'
  [1m[36mAccount Update (0.9ms)[0m  [1m[33mUPDATE "accounts" SET "amount" = $1, "updated_at" = $2 WHERE "accounts"."id" = $3[0m  [["amount", 10300], ["updated_at", "2023-08-03 08:51:27.731673"], ["id", 1]]
  ↳ (byebug):1:in `deposit'
  [1m[36mTRANSACTION (6.9ms)[0m  [1m[35mCOMMIT[0m
  ↳ (byebug):1:in `deposit'
  [1m[36mTRANSACTION (0.6ms)[0m  [1m[35mBEGIN[0m
  ↳ app/controllers/accounts_controller.rb:19:in `deposit'
  [1m[36mAccount Exists? (0.6ms)[0m  [1m[34mSELECT 1 AS one FROM "accounts" WHERE "accounts"."cust_id" = $1 AND "accounts"."id" != $2 LIMIT $3[0m  [["cust_id", "geeta@12"], ["id", 1], ["LIMIT", 1]]
  ↳ app/controllers/accounts_controller.rb:19:in `deposit'
  [1m[36mTRANSACTION (0.3ms)[0m  [1m[35mCOMMIT[0m
  ↳ app/controllers/accounts_controller.rb:19:in `deposit'
Completed 200 OK in 37874ms (Views: 0.9ms | ActiveRecord: 18.1ms | Allocations: 15110)


Started GET "/deposit_money?cust_id=geeta@12&deposit_money=300" for ::1 at 2023-08-03 14:21:48 +0530
Processing by AccountsController#deposit as */*
  Parameters: {"cust_id"=>"geeta@12", "deposit_money"=>"300"}
  [1m[36mAccount Load (0.4ms)[0m  [1m[34mSELECT "accounts".* FROM "accounts" WHERE "accounts"."cust_id" = $1 LIMIT $2[0m  [["cust_id", "geeta@12"], ["LIMIT", 1]]
  ↳ app/controllers/accounts_controller.rb:15:in `deposit'
  [1m[36mTRANSACTION (0.4ms)[0m  [1m[35mBEGIN[0m
  ↳ app/controllers/accounts_controller.rb:19:in `deposit'
  [1m[36mAccount Exists? (0.6ms)[0m  [1m[34mSELECT 1 AS one FROM "accounts" WHERE "accounts"."cust_id" = $1 AND "accounts"."id" != $2 LIMIT $3[0m  [["cust_id", "geeta@12"], ["id", 1], ["LIMIT", 1]]
  ↳ app/controllers/accounts_controller.rb:19:in `deposit'
  [1m[36mAccount Update (0.6ms)[0m  [1m[33mUPDATE "accounts" SET "amount" = $1, "updated_at" = $2 WHERE "accounts"."id" = $3[0m  [["amount", 10600], ["updated_at", "2023-08-03 08:51:49.033734"], ["id", 1]]
  ↳ app/controllers/accounts_controller.rb:19:in `deposit'
  [1m[36mTRANSACTION (1.0ms)[0m  [1m[35mCOMMIT[0m
  ↳ app/controllers/accounts_controller.rb:19:in `deposit'
Completed 200 OK in 31ms (Views: 0.7ms | ActiveRecord: 8.7ms | Allocations: 6386)


Started GET "/deposit_money?cust_id=geeta@12&deposit_money=300" for ::1 at 2023-08-03 15:06:16 +0530
Processing by AccountsController#deposit as */*
  Parameters: {"cust_id"=>"geeta@12", "deposit_money"=>"300"}
  [1m[36mAccount Load (0.8ms)[0m  [1m[34mSELECT "accounts".* FROM "accounts" WHERE "accounts"."cust_id" = $1 LIMIT $2[0m  [["cust_id", "geeta@12"], ["LIMIT", 1]]
  ↳ app/controllers/accounts_controller.rb:16:in `deposit'
Completed 200 OK in 51ms (Views: 0.5ms | ActiveRecord: 17.5ms | Allocations: 6304)


Started GET "/deposit_money?cust_id=geeta@12&deposit_money=300&pin=1234" for ::1 at 2023-08-03 15:06:44 +0530
Processing by AccountsController#deposit as */*
  Parameters: {"cust_id"=>"geeta@12", "deposit_money"=>"300", "pin"=>"1234"}
  [1m[36mAccount Load (0.5ms)[0m  [1m[34mSELECT "accounts".* FROM "accounts" WHERE "accounts"."cust_id" = $1 LIMIT $2[0m  [["cust_id", "geeta@12"], ["LIMIT", 1]]
  ↳ app/controllers/accounts_controller.rb:16:in `deposit'
  [1m[36mTRANSACTION (0.3ms)[0m  [1m[35mBEGIN[0m
  ↳ app/controllers/accounts_controller.rb:19:in `deposit'
  [1m[36mAccount Exists? (0.7ms)[0m  [1m[34mSELECT 1 AS one FROM "accounts" WHERE "accounts"."cust_id" = $1 AND "accounts"."id" != $2 LIMIT $3[0m  [["cust_id", "geeta@12"], ["id", 1], ["LIMIT", 1]]
  ↳ app/controllers/accounts_controller.rb:19:in `deposit'
  [1m[36mAccount Update (0.8ms)[0m  [1m[33mUPDATE "accounts" SET "amount" = $1, "updated_at" = $2 WHERE "accounts"."id" = $3[0m  [["amount", 10900], ["updated_at", "2023-08-03 09:36:44.824506"], ["id", 1]]
  ↳ app/controllers/accounts_controller.rb:19:in `deposit'
  [1m[36mTRANSACTION (6.2ms)[0m  [1m[35mCOMMIT[0m
  ↳ app/controllers/accounts_controller.rb:19:in `deposit'
Completed 200 OK in 24ms (Views: 0.8ms | ActiveRecord: 8.6ms | Allocations: 3625)


Started GET "/deposit_money?cust_id=geeta@12&deposit_money=300&pin=12345" for ::1 at 2023-08-03 15:06:54 +0530
Processing by AccountsController#deposit as */*
  Parameters: {"cust_id"=>"geeta@12", "deposit_money"=>"300", "pin"=>"12345"}
  [1m[36mAccount Load (0.3ms)[0m  [1m[34mSELECT "accounts".* FROM "accounts" WHERE "accounts"."cust_id" = $1 LIMIT $2[0m  [["cust_id", "geeta@12"], ["LIMIT", 1]]
  ↳ app/controllers/accounts_controller.rb:16:in `deposit'
Completed 200 OK in 4ms (Views: 0.3ms | ActiveRecord: 0.3ms | Allocations: 647)


Started GET "/deposit_money?cust_id=geeta@12&deposit_money=200&pin=1234" for ::1 at 2023-08-03 15:07:13 +0530
Processing by AccountsController#deposit as */*
  Parameters: {"cust_id"=>"geeta@12", "deposit_money"=>"200", "pin"=>"1234"}
  [1m[36mAccount Load (0.7ms)[0m  [1m[34mSELECT "accounts".* FROM "accounts" WHERE "accounts"."cust_id" = $1 LIMIT $2[0m  [["cust_id", "geeta@12"], ["LIMIT", 1]]
  ↳ app/controllers/accounts_controller.rb:16:in `deposit'
  [1m[36mTRANSACTION (0.4ms)[0m  [1m[35mBEGIN[0m
  ↳ app/controllers/accounts_controller.rb:19:in `deposit'
  [1m[36mAccount Exists? (0.7ms)[0m  [1m[34mSELECT 1 AS one FROM "accounts" WHERE "accounts"."cust_id" = $1 AND "accounts"."id" != $2 LIMIT $3[0m  [["cust_id", "geeta@12"], ["id", 1], ["LIMIT", 1]]
  ↳ app/controllers/accounts_controller.rb:19:in `deposit'
  [1m[36mAccount Update (1.0ms)[0m  [1m[33mUPDATE "accounts" SET "amount" = $1, "updated_at" = $2 WHERE "accounts"."id" = $3[0m  [["amount", 11100], ["updated_at", "2023-08-03 09:37:13.779831"], ["id", 1]]
  ↳ app/controllers/accounts_controller.rb:19:in `deposit'
  [1m[36mTRANSACTION (6.3ms)[0m  [1m[35mCOMMIT[0m
  ↳ app/controllers/accounts_controller.rb:19:in `deposit'
Completed 200 OK in 37ms (Views: 0.8ms | ActiveRecord: 9.0ms | Allocations: 3272)


Started GET "/withdraw_money?withdraw_money=200&cust_id=geeta@12&pin=1234" for ::1 at 2023-08-03 15:09:03 +0530
Processing by AccountsController#withdraw as */*
  Parameters: {"withdraw_money"=>"200", "cust_id"=>"geeta@12", "pin"=>"1234"}
  [1m[36mAccount Load (0.6ms)[0m  [1m[34mSELECT "accounts".* FROM "accounts" WHERE "accounts"."cust_id" = $1 LIMIT $2[0m  [["cust_id", "geeta@12"], ["LIMIT", 1]]
  ↳ app/controllers/accounts_controller.rb:29:in `withdraw'
  [1m[36mTRANSACTION (0.3ms)[0m  [1m[35mBEGIN[0m
  ↳ app/controllers/accounts_controller.rb:32:in `withdraw'
  [1m[36mAccount Exists? (0.6ms)[0m  [1m[34mSELECT 1 AS one FROM "accounts" WHERE "accounts"."cust_id" = $1 AND "accounts"."id" != $2 LIMIT $3[0m  [["cust_id", "geeta@12"], ["id", 1], ["LIMIT", 1]]
  ↳ app/controllers/accounts_controller.rb:32:in `withdraw'
  [1m[36mAccount Update (0.9ms)[0m  [1m[33mUPDATE "accounts" SET "amount" = $1, "updated_at" = $2 WHERE "accounts"."id" = $3[0m  [["amount", 10900], ["updated_at", "2023-08-03 09:39:04.049733"], ["id", 1]]
  ↳ app/controllers/accounts_controller.rb:32:in `withdraw'
  [1m[36mTRANSACTION (1.2ms)[0m  [1m[35mCOMMIT[0m
  ↳ app/controllers/accounts_controller.rb:32:in `withdraw'
Completed 200 OK in 38ms (Views: 0.7ms | ActiveRecord: 14.2ms | Allocations: 6406)


Started GET "/withdraw_money?withdraw_money=200&cust_id=geeta@12&pin=1234" for ::1 at 2023-08-03 15:09:09 +0530
Processing by AccountsController#withdraw as */*
  Parameters: {"withdraw_money"=>"200", "cust_id"=>"geeta@12", "pin"=>"1234"}
  [1m[36mAccount Load (0.9ms)[0m  [1m[34mSELECT "accounts".* FROM "accounts" WHERE "accounts"."cust_id" = $1 LIMIT $2[0m  [["cust_id", "geeta@12"], ["LIMIT", 1]]
  ↳ app/controllers/accounts_controller.rb:29:in `withdraw'
  [1m[36mTRANSACTION (7.2ms)[0m  [1m[35mBEGIN[0m
  ↳ app/controllers/accounts_controller.rb:32:in `withdraw'
  [1m[36mAccount Exists? (0.9ms)[0m  [1m[34mSELECT 1 AS one FROM "accounts" WHERE "accounts"."cust_id" = $1 AND "accounts"."id" != $2 LIMIT $3[0m  [["cust_id", "geeta@12"], ["id", 1], ["LIMIT", 1]]
  ↳ app/controllers/accounts_controller.rb:32:in `withdraw'
  [1m[36mAccount Update (0.6ms)[0m  [1m[33mUPDATE "accounts" SET "amount" = $1, "updated_at" = $2 WHERE "accounts"."id" = $3[0m  [["amount", 10700], ["updated_at", "2023-08-03 09:39:09.240117"], ["id", 1]]
  ↳ app/controllers/accounts_controller.rb:32:in `withdraw'
  [1m[36mTRANSACTION (16.5ms)[0m  [1m[35mCOMMIT[0m
  ↳ app/controllers/accounts_controller.rb:32:in `withdraw'
Completed 200 OK in 51ms (Views: 0.9ms | ActiveRecord: 26.1ms | Allocations: 3271)


Started POST "/accounts" for ::1 at 2023-08-03 15:31:38 +0530
  
SyntaxError (/home/hp/pixo/Learning/bank_api_project/app/controllers/accounts_controller.rb:49: syntax error, unexpected `and', expecting '}'
...money} to #{receiver.name}",and your updated_balance is: sen...
...                            ^~~
/home/hp/pixo/Learning/bank_api_project/app/controllers/accounts_controller.rb:49: syntax error, unexpected '}', expecting `end'
...ur updated_balance is: sender }
...                              ^
):
  
app/controllers/accounts_controller.rb:49: syntax error, unexpected `and', expecting '}'
app/controllers/accounts_controller.rb:49: syntax error, unexpected '}', expecting `end'
app/controllers/accounts_controller.rb:49: syntax error, unexpected `and', expecting '}'
app/controllers/accounts_controller.rb:49: syntax error, unexpected '}', expecting `end'
app/controllers/accounts_controller.rb:49: syntax error, unexpected `and', expecting '}'
app/controllers/accounts_controller.rb:49: syntax error, unexpected '}', expecting `end'
Started POST "/accounts" for ::1 at 2023-08-03 15:32:35 +0530
Processing by AccountsController#create as */*
  Parameters: {"cust_id"=>"priya@12", "name"=>"priya", "pin"=>1234, "amount"=>1500, "account"=>{"cust_id"=>"priya@12", "name"=>"priya", "amount"=>1500, "pin"=>1234}}
Can't verify CSRF token authenticity.
  [1m[36mTRANSACTION (0.3ms)[0m  [1m[35mBEGIN[0m
  ↳ app/controllers/accounts_controller.rb:6:in `create'
  [1m[36mAccount Exists? (1.8ms)[0m  [1m[34mSELECT 1 AS one FROM "accounts" WHERE "accounts"."cust_id" = $1 LIMIT $2[0m  [["cust_id", "priya@12"], ["LIMIT", 1]]
  ↳ app/controllers/accounts_controller.rb:6:in `create'
  [1m[36mAccount Create (1.8ms)[0m  [1m[32mINSERT INTO "accounts" ("cust_id", "name", "amount", "pin", "created_at", "updated_at") VALUES ($1, $2, $3, $4, $5, $6) RETURNING "id"[0m  [["cust_id", "priya@12"], ["name", "priya"], ["amount", 1500], ["pin", "1234"], ["created_at", "2023-08-03 10:02:35.478562"], ["updated_at", "2023-08-03 10:02:35.478562"]]
  ↳ app/controllers/accounts_controller.rb:6:in `create'
  [1m[36mTRANSACTION (1.2ms)[0m  [1m[35mCOMMIT[0m
  ↳ app/controllers/accounts_controller.rb:6:in `create'
Completed 200 OK in 25ms (Views: 0.6ms | ActiveRecord: 15.3ms | Allocations: 5103)


Started GET "/withdraw_money" for ::1 at 2023-08-03 15:33:11 +0530
Processing by AccountsController#withdraw as */*
  [1m[36mAccount Load (0.8ms)[0m  [1m[34mSELECT "accounts".* FROM "accounts" WHERE "accounts"."cust_id" IS NULL LIMIT $1[0m  [["LIMIT", 1]]
  ↳ app/controllers/accounts_controller.rb:29:in `withdraw'
Completed 200 OK in 10ms (Views: 0.4ms | ActiveRecord: 3.1ms | Allocations: 889)


Started GET "/transfer" for ::1 at 2023-08-03 15:34:26 +0530
  [1m[36mActiveRecord::SchemaMigration Pluck (2.0ms)[0m  [1m[34mSELECT "schema_migrations"."version" FROM "schema_migrations" ORDER BY "schema_migrations"."version" ASC[0m
  
ActionController::RoutingError (No route matches [GET] "/transfer"):
  
Started GET "/transfer_money" for ::1 at 2023-08-03 15:34:46 +0530
Processing by AccountsController#transfer as */*
  [1m[36mAccount Load (0.7ms)[0m  [1m[34mSELECT "accounts".* FROM "accounts" WHERE "accounts"."cust_id" IS NULL LIMIT $1[0m  [["LIMIT", 1]]
  ↳ app/controllers/accounts_controller.rb:42:in `transfer'
  [1m[36mCACHE Account Load (0.0ms)[0m  [1m[34mSELECT "accounts".* FROM "accounts" WHERE "accounts"."cust_id" IS NULL LIMIT $1[0m  [["LIMIT", 1]]
  ↳ app/controllers/accounts_controller.rb:43:in `transfer'
Completed 200 OK in 21ms (Views: 0.4ms | ActiveRecord: 3.3ms | Allocations: 6286)


Started GET "/transfer_money" for ::1 at 2023-08-03 15:35:10 +0530
Processing by AccountsController#transfer as */*
  [1m[36mAccount Load (0.5ms)[0m  [1m[34mSELECT "accounts".* FROM "accounts" WHERE "accounts"."cust_id" IS NULL LIMIT $1[0m  [["LIMIT", 1]]
  ↳ app/controllers/accounts_controller.rb:42:in `transfer'
  [1m[36mCACHE Account Load (0.1ms)[0m  [1m[34mSELECT "accounts".* FROM "accounts" WHERE "accounts"."cust_id" IS NULL LIMIT $1[0m  [["LIMIT", 1]]
  ↳ app/controllers/accounts_controller.rb:43:in `transfer'
Completed 200 OK in 12667ms (Views: 0.9ms | ActiveRecord: 3.2ms | Allocations: 92919)


Started GET "/transfer_money" for ::1 at 2023-08-03 15:35:35 +0530
Processing by AccountsController#transfer as */*
  [1m[36mAccount Load (0.4ms)[0m  [1m[34mSELECT "accounts".* FROM "accounts" WHERE "accounts"."cust_id" IS NULL LIMIT $1[0m  [["LIMIT", 1]]
  ↳ app/controllers/accounts_controller.rb:42:in `transfer'
  [1m[36mCACHE Account Load (0.0ms)[0m  [1m[34mSELECT "accounts".* FROM "accounts" WHERE "accounts"."cust_id" IS NULL LIMIT $1[0m  [["LIMIT", 1]]
  ↳ app/controllers/accounts_controller.rb:43:in `transfer'
Completed 200 OK in 1859ms (Views: 0.8ms | ActiveRecord: 0.4ms | Allocations: 3898)


Started GET "/transfer_money" for ::1 at 2023-08-03 15:36:13 +0530
Processing by AccountsController#transfer as */*
  [1m[36mAccount Load (0.5ms)[0m  [1m[34mSELECT "accounts".* FROM "accounts" WHERE "accounts"."cust_id" IS NULL LIMIT $1[0m  [["LIMIT", 1]]
  ↳ app/controllers/accounts_controller.rb:42:in `transfer'
  [1m[36mCACHE Account Load (0.1ms)[0m  [1m[34mSELECT "accounts".* FROM "accounts" WHERE "accounts"."cust_id" IS NULL LIMIT $1[0m  [["LIMIT", 1]]
  ↳ app/controllers/accounts_controller.rb:43:in `transfer'
Completed 200 OK in 12283ms (Views: 0.9ms | ActiveRecord: 0.6ms | Allocations: 3584)


Started GET "/transfer_money" for ::1 at 2023-08-03 15:36:40 +0530
Processing by AccountsController#transfer as */*
  [1m[36mAccount Load (0.5ms)[0m  [1m[34mSELECT "accounts".* FROM "accounts" WHERE "accounts"."cust_id" IS NULL LIMIT $1[0m  [["LIMIT", 1]]
  ↳ app/controllers/accounts_controller.rb:42:in `transfer'
  [1m[36mCACHE Account Load (0.1ms)[0m  [1m[34mSELECT "accounts".* FROM "accounts" WHERE "accounts"."cust_id" IS NULL LIMIT $1[0m  [["LIMIT", 1]]
  ↳ app/controllers/accounts_controller.rb:43:in `transfer'
Completed 200 OK in 2075ms (Views: 0.9ms | ActiveRecord: 0.6ms | Allocations: 3419)


Started GET "/transfer_money" for ::1 at 2023-08-03 15:36:56 +0530
Processing by AccountsController#transfer as */*
  [1m[36mAccount Load (0.3ms)[0m  [1m[34mSELECT "accounts".* FROM "accounts" WHERE "accounts"."cust_id" IS NULL LIMIT $1[0m  [["LIMIT", 1]]
  ↳ app/controllers/accounts_controller.rb:42:in `transfer'
  [1m[36mCACHE Account Load (0.0ms)[0m  [1m[34mSELECT "accounts".* FROM "accounts" WHERE "accounts"."cust_id" IS NULL LIMIT $1[0m  [["LIMIT", 1]]
  ↳ app/controllers/accounts_controller.rb:43:in `transfer'
Completed 200 OK in 28661ms (Views: 1.1ms | ActiveRecord: 0.4ms | Allocations: 4596)


Started GET "/transfer_money?transfer_money=100&pin=1234&sender_id=geeta@12&iver_id=priya@12" for ::1 at 2023-08-03 15:38:23 +0530
Processing by AccountsController#transfer as */*
  Parameters: {"transfer_money"=>"100", "pin"=>"1234", "sender_id"=>"geeta@12", "iver_id"=>"priya@12"}
  [1m[36mAccount Load (0.5ms)[0m  [1m[34mSELECT "accounts".* FROM "accounts" WHERE "accounts"."cust_id" = $1 LIMIT $2[0m  [["cust_id", "geeta@12"], ["LIMIT", 1]]
  ↳ app/controllers/accounts_controller.rb:42:in `transfer'
  [1m[36mAccount Load (0.4ms)[0m  [1m[34mSELECT "accounts".* FROM "accounts" WHERE "accounts"."cust_id" IS NULL LIMIT $1[0m  [["LIMIT", 1]]
  ↳ app/controllers/accounts_controller.rb:43:in `transfer'
Completed 500 Internal Server Error in 1271ms (ActiveRecord: 8.3ms | Allocations: 24717)


  
NameError (undefined local variable or method `reciver' for #<AccountsController:0x00000000014f00>
Did you mean?  receiver):
  
app/controllers/accounts_controller.rb:45:in `transfer'
Started GET "/transfer_money?transfer_money=100&pin=1234&sender_id=geeta@12&receiver=priya@12" for ::1 at 2023-08-03 15:38:44 +0530
Processing by AccountsController#transfer as */*
  Parameters: {"transfer_money"=>"100", "pin"=>"1234", "sender_id"=>"geeta@12", "receiver"=>"priya@12"}
  [1m[36mAccount Load (0.4ms)[0m  [1m[34mSELECT "accounts".* FROM "accounts" WHERE "accounts"."cust_id" = $1 LIMIT $2[0m  [["cust_id", "geeta@12"], ["LIMIT", 1]]
  ↳ app/controllers/accounts_controller.rb:42:in `transfer'
  [1m[36mAccount Load (0.3ms)[0m  [1m[34mSELECT "accounts".* FROM "accounts" WHERE "accounts"."cust_id" IS NULL LIMIT $1[0m  [["LIMIT", 1]]
  ↳ app/controllers/accounts_controller.rb:43:in `transfer'
Completed 500 Internal Server Error in 2093ms (ActiveRecord: 0.8ms | Allocations: 6613)


  
NameError (undefined local variable or method `reciver' for #<AccountsController:0x00000000014f78>
Did you mean?  receiver):
  
app/controllers/accounts_controller.rb:45:in `transfer'
Started GET "/transfer_money?transfer_money=100&pin=1234&sender_id=geeta@12&receiver=priya@12" for ::1 at 2023-08-03 15:38:58 +0530
Processing by AccountsController#transfer as */*
  Parameters: {"transfer_money"=>"100", "pin"=>"1234", "sender_id"=>"geeta@12", "receiver"=>"priya@12"}
  [1m[36mAccount Load (0.5ms)[0m  [1m[34mSELECT "accounts".* FROM "accounts" WHERE "accounts"."cust_id" = $1 LIMIT $2[0m  [["cust_id", "geeta@12"], ["LIMIT", 1]]
  ↳ app/controllers/accounts_controller.rb:42:in `transfer'
  [1m[36mAccount Load (0.4ms)[0m  [1m[34mSELECT "accounts".* FROM "accounts" WHERE "accounts"."cust_id" IS NULL LIMIT $1[0m  [["LIMIT", 1]]
  ↳ app/controllers/accounts_controller.rb:43:in `transfer'
Completed 200 OK in 2347ms (Views: 0.9ms | ActiveRecord: 6.9ms | Allocations: 6546)


Started GET "/transfer_money?transfer_money=100&pin=1234&sender_id=geeta@12&receiver_id=priya@12" for ::1 at 2023-08-03 15:39:12 +0530
Processing by AccountsController#transfer as */*
  Parameters: {"transfer_money"=>"100", "pin"=>"1234", "sender_id"=>"geeta@12", "receiver_id"=>"priya@12"}
  [1m[36mAccount Load (0.6ms)[0m  [1m[34mSELECT "accounts".* FROM "accounts" WHERE "accounts"."cust_id" = $1 LIMIT $2[0m  [["cust_id", "geeta@12"], ["LIMIT", 1]]
  ↳ app/controllers/accounts_controller.rb:42:in `transfer'
  [1m[36mAccount Load (1.0ms)[0m  [1m[34mSELECT "accounts".* FROM "accounts" WHERE "accounts"."cust_id" = $1 LIMIT $2[0m  [["cust_id", "priya@12"], ["LIMIT", 1]]
  ↳ app/controllers/accounts_controller.rb:43:in `transfer'
  [1m[36mTRANSACTION (0.5ms)[0m  [1m[35mBEGIN[0m
  ↳ app/controllers/accounts_controller.rb:48:in `transfer'
  [1m[36mAccount Exists? (0.7ms)[0m  [1m[34mSELECT 1 AS one FROM "accounts" WHERE "accounts"."cust_id" = $1 AND "accounts"."id" != $2 LIMIT $3[0m  [["cust_id", "geeta@12"], ["id", 1], ["LIMIT", 1]]
  ↳ app/controllers/accounts_controller.rb:48:in `transfer'
  [1m[36mAccount Update (1.0ms)[0m  [1m[33mUPDATE "accounts" SET "amount" = $1, "updated_at" = $2 WHERE "accounts"."id" = $3[0m  [["amount", 10600], ["updated_at", "2023-08-03 10:09:13.435647"], ["id", 1]]
  ↳ app/controllers/accounts_controller.rb:48:in `transfer'
  [1m[36mTRANSACTION (1.3ms)[0m  [1m[35mCOMMIT[0m
  ↳ app/controllers/accounts_controller.rb:48:in `transfer'
  [1m[36mTRANSACTION (0.3ms)[0m  [1m[35mBEGIN[0m
  ↳ app/controllers/accounts_controller.rb:49:in `transfer'
  [1m[36mAccount Exists? (0.5ms)[0m  [1m[34mSELECT 1 AS one FROM "accounts" WHERE "accounts"."cust_id" = $1 AND "accounts"."id" != $2 LIMIT $3[0m  [["cust_id", "priya@12"], ["id", 2], ["LIMIT", 1]]
  ↳ app/controllers/accounts_controller.rb:49:in `transfer'
  [1m[36mAccount Update (0.8ms)[0m  [1m[33mUPDATE "accounts" SET "amount" = $1, "updated_at" = $2 WHERE "accounts"."id" = $3[0m  [["amount", 1600], ["updated_at", "2023-08-03 10:09:13.450254"], ["id", 2]]
  ↳ app/controllers/accounts_controller.rb:49:in `transfer'
  [1m[36mTRANSACTION (1.3ms)[0m  [1m[35mCOMMIT[0m
  ↳ app/controllers/accounts_controller.rb:49:in `transfer'
Completed 200 OK in 1198ms (Views: 0.6ms | ActiveRecord: 8.1ms | Allocations: 9968)


Started GET "/accounts/2" for ::1 at 2023-08-03 15:42:27 +0530
Processing by AccountsController#show as */*
  Parameters: {"id"=>"2"}
  [1m[36mAccount Load (0.5ms)[0m  [1m[34mSELECT "accounts".* FROM "accounts" WHERE "accounts"."id" = $1 LIMIT $2[0m  [["id", 2], ["LIMIT", 1]]
  ↳ app/controllers/accounts_controller.rb:14:in `show'
Completed 200 OK in 20ms (Views: 1.4ms | ActiveRecord: 5.9ms | Allocations: 3924)


Started GET "/accounts/1" for ::1 at 2023-08-03 15:42:35 +0530
Processing by AccountsController#show as */*
  Parameters: {"id"=>"1"}
  [1m[36mAccount Load (0.5ms)[0m  [1m[34mSELECT "accounts".* FROM "accounts" WHERE "accounts"."id" = $1 LIMIT $2[0m  [["id", 1], ["LIMIT", 1]]
  ↳ app/controllers/accounts_controller.rb:14:in `show'
Completed 200 OK in 5ms (Views: 0.9ms | ActiveRecord: 0.5ms | Allocations: 735)


Started GET "/accounts/geeta@12" for ::1 at 2023-08-03 15:42:53 +0530
Processing by AccountsController#show as */*
  Parameters: {"id"=>"geeta@12"}
  [1m[36mAccount Load (0.4ms)[0m  [1m[34mSELECT "accounts".* FROM "accounts" WHERE "accounts"."id" IS NULL LIMIT $1[0m  [["LIMIT", 1]]
  ↳ app/controllers/accounts_controller.rb:14:in `show'
Completed 200 OK in 11ms (Views: 0.5ms | ActiveRecord: 2.5ms | Allocations: 1838)


Started GET "/accounts/geeta@12" for ::1 at 2023-08-03 15:43:09 +0530
Processing by AccountsController#show as */*
  Parameters: {"id"=>"geeta@12"}
  [1m[36mAccount Load (0.3ms)[0m  [1m[34mSELECT "accounts".* FROM "accounts" WHERE "accounts"."cust_id" IS NULL LIMIT $1[0m  [["LIMIT", 1]]
  ↳ app/controllers/accounts_controller.rb:14:in `show'
Completed 200 OK in 9ms (Views: 0.3ms | ActiveRecord: 2.0ms | Allocations: 1841)


Started GET "/accounts/geeta@12" for ::1 at 2023-08-03 15:43:22 +0530
Processing by AccountsController#show as */*
  Parameters: {"id"=>"geeta@12"}
  [1m[36mAccount Load (0.5ms)[0m  [1m[34mSELECT "accounts".* FROM "accounts" WHERE "accounts"."id" = $1 LIMIT $2[0m  [["id", nil], ["LIMIT", 1]]
  ↳ app/controllers/accounts_controller.rb:14:in `show'
Completed 200 OK in 10ms (Views: 0.3ms | ActiveRecord: 2.7ms | Allocations: 2172)


Started GET "/accounts/1" for ::1 at 2023-08-03 15:43:30 +0530
Processing by AccountsController#show as */*
  Parameters: {"id"=>"1"}
  [1m[36mAccount Load (0.4ms)[0m  [1m[34mSELECT "accounts".* FROM "accounts" WHERE "accounts"."id" = $1 LIMIT $2[0m  [["id", 1], ["LIMIT", 1]]
  ↳ app/controllers/accounts_controller.rb:14:in `show'
Completed 200 OK in 14ms (Views: 0.6ms | ActiveRecord: 3.6ms | Allocations: 2385)


Started GET "/check_balance?cust_id=geeta@12&pin=1234" for ::1 at 2023-08-03 15:48:39 +0530
  
ActionController::RoutingError (uninitialized constant AccountController
Did you mean?  AccountsController
               ActionController):
  
Started GET "/check_balance?cust_id=geeta@12&pin=1234" for ::1 at 2023-08-03 15:48:54 +0530
Processing by AccountsController#check_balance as */*
  Parameters: {"cust_id"=>"geeta@12", "pin"=>"1234"}
  [1m[36mAccount Load (0.4ms)[0m  [1m[34mSELECT "accounts".* FROM "accounts" WHERE "accounts"."cust_id" = $1 LIMIT $2[0m  [["cust_id", "geeta@12"], ["LIMIT", 1]]
  ↳ app/controllers/accounts_controller.rb:23:in `check_balance'
Completed 200 OK in 19ms (Views: 0.5ms | ActiveRecord: 6.7ms | Allocations: 3414)


Started GET "/check_balance?cust_id=geeta@12&pin=12344" for ::1 at 2023-08-03 15:49:00 +0530
Processing by AccountsController#check_balance as */*
  Parameters: {"cust_id"=>"geeta@12", "pin"=>"12344"}
  [1m[36mAccount Load (0.5ms)[0m  [1m[34mSELECT "accounts".* FROM "accounts" WHERE "accounts"."cust_id" = $1 LIMIT $2[0m  [["cust_id", "geeta@12"], ["LIMIT", 1]]
  ↳ app/controllers/accounts_controller.rb:23:in `check_balance'
Completed 200 OK in 4ms (Views: 0.2ms | ActiveRecord: 0.5ms | Allocations: 647)


Started GET "/check_balance?cust_id=geeta@12&pin=1234" for ::1 at 2023-08-03 15:49:05 +0530
Processing by AccountsController#check_balance as */*
  Parameters: {"cust_id"=>"geeta@12", "pin"=>"1234"}
  [1m[36mAccount Load (0.3ms)[0m  [1m[34mSELECT "accounts".* FROM "accounts" WHERE "accounts"."cust_id" = $1 LIMIT $2[0m  [["cust_id", "geeta@12"], ["LIMIT", 1]]
  ↳ app/controllers/accounts_controller.rb:23:in `check_balance'
Completed 200 OK in 3ms (Views: 0.3ms | ActiveRecord: 0.3ms | Allocations: 649)


  [1m[35m (0.5ms)[0m  [1m[34mSELECT pg_try_advisory_lock(7717928714427561630)[0m
  [1m[36mActiveRecord::SchemaMigration Pluck (1.6ms)[0m  [1m[34mSELECT "schema_migrations"."version" FROM "schema_migrations" ORDER BY "schema_migrations"."version" ASC[0m
Migrating to CreateTransactions (20230804055841)
  [1m[36mTRANSACTION (0.4ms)[0m  [1m[35mBEGIN[0m
  [1m[35m (26.7ms)[0m  [1m[35mCREATE TABLE "transactions" ("id" bigserial primary key, "cust_id" character varying, "type" character varying, "amount" integer, "account_id" bigint, "created_at" timestamp(6) NOT NULL, "updated_at" timestamp(6) NOT NULL, CONSTRAINT "fk_rails_01f020e267"
FOREIGN KEY ("account_id")
  REFERENCES "accounts" ("id")
)[0m
  [1m[35m (3.0ms)[0m  [1m[35mCREATE INDEX "index_transactions_on_account_id" ON "transactions" ("account_id")[0m
  [1m[36mActiveRecord::SchemaMigration Create (0.7ms)[0m  [1m[32mINSERT INTO "schema_migrations" ("version") VALUES ($1) RETURNING "version"[0m  [["version", "20230804055841"]]
  [1m[36mTRANSACTION (2.1ms)[0m  [1m[35mCOMMIT[0m
  [1m[36mActiveRecord::InternalMetadata Load (1.0ms)[0m  [1m[34mSELECT "ar_internal_metadata".* FROM "ar_internal_metadata" WHERE "ar_internal_metadata"."key" = $1 LIMIT $2[0m  [["key", "environment"], ["LIMIT", 1]]
  [1m[35m (0.6ms)[0m  [1m[34mSELECT pg_advisory_unlock(7717928714427561630)[0m
  [1m[36mActiveRecord::SchemaMigration Pluck (1.1ms)[0m  [1m[34mSELECT "schema_migrations"."version" FROM "schema_migrations" ORDER BY "schema_migrations"."version" ASC[0m
Started GET "/deposit_money?cust_id=geeta@12&deposit_money=200&pin=1234" for ::1 at 2023-08-04 11:39:28 +0530
  [1m[36mActiveRecord::SchemaMigration Pluck (1.5ms)[0m  [1m[34mSELECT "schema_migrations"."version" FROM "schema_migrations" ORDER BY "schema_migrations"."version" ASC[0m
Processing by AccountsController#deposit as */*
  Parameters: {"cust_id"=>"geeta@12", "deposit_money"=>"200", "pin"=>"1234"}
  [1m[36mAccount Load (1.4ms)[0m  [1m[34mSELECT "accounts".* FROM "accounts" WHERE "accounts"."cust_id" = $1 LIMIT $2[0m  [["cust_id", "geeta@12"], ["LIMIT", 1]]
  ↳ app/controllers/accounts_controller.rb:44:in `deposit'
  [1m[36mTRANSACTION (0.4ms)[0m  [1m[35mBEGIN[0m
  ↳ app/controllers/accounts_controller.rb:47:in `deposit'
  [1m[36mAccount Exists? (0.8ms)[0m  [1m[34mSELECT 1 AS one FROM "accounts" WHERE "accounts"."cust_id" = $1 AND "accounts"."id" != $2 LIMIT $3[0m  [["cust_id", "geeta@12"], ["id", 1], ["LIMIT", 1]]
  ↳ app/controllers/accounts_controller.rb:47:in `deposit'
  [1m[36mAccount Update (0.9ms)[0m  [1m[33mUPDATE "accounts" SET "amount" = $1, "updated_at" = $2 WHERE "accounts"."id" = $3[0m  [["amount", 10800], ["updated_at", "2023-08-04 06:09:28.397809"], ["id", 1]]
  ↳ app/controllers/accounts_controller.rb:47:in `deposit'
  [1m[36mTRANSACTION (1.2ms)[0m  [1m[35mCOMMIT[0m
  ↳ app/controllers/accounts_controller.rb:47:in `deposit'
Completed 500 Internal Server Error in 61ms (ActiveRecord: 15.3ms | Allocations: 26608)


  
ActiveRecord::SubclassNotFound (The single-table inheritance mechanism failed to locate the subclass: 'deposit'. This error is raised because the column 'type' is reserved for storing the class in case of inheritance. Please rename this column if you didn't intend it to be used for storing the inheritance class or overwrite Transaction.inheritance_column to use another column for that information.):
  
app/controllers/accounts_controller.rb:48:in `deposit'
  [1m[35m (0.4ms)[0m  [1m[34mSELECT pg_try_advisory_lock(7717928714427561630)[0m
  [1m[36mActiveRecord::SchemaMigration Pluck (1.2ms)[0m  [1m[34mSELECT "schema_migrations"."version" FROM "schema_migrations" ORDER BY "schema_migrations"."version" ASC[0m
Migrating to Renamecolumn (20230804061104)
  [1m[36mTRANSACTION (0.3ms)[0m  [1m[35mBEGIN[0m
  [1m[35m (0.6ms)[0m  [1m[35mALTER TABLE "transactions" RENAME COLUMN "type" TO "transaction_type"[0m
  [1m[36mActiveRecord::SchemaMigration Create (1.0ms)[0m  [1m[32mINSERT INTO "schema_migrations" ("version") VALUES ($1) RETURNING "version"[0m  [["version", "20230804061104"]]
  [1m[36mTRANSACTION (6.5ms)[0m  [1m[35mCOMMIT[0m
  [1m[36mActiveRecord::InternalMetadata Load (0.5ms)[0m  [1m[34mSELECT "ar_internal_metadata".* FROM "ar_internal_metadata" WHERE "ar_internal_metadata"."key" = $1 LIMIT $2[0m  [["key", "environment"], ["LIMIT", 1]]
  [1m[35m (0.6ms)[0m  [1m[34mSELECT pg_advisory_unlock(7717928714427561630)[0m
  [1m[36mActiveRecord::SchemaMigration Pluck (1.2ms)[0m  [1m[34mSELECT "schema_migrations"."version" FROM "schema_migrations" ORDER BY "schema_migrations"."version" ASC[0m
Started GET "/deposit_money?cust_id=geeta@12&deposit_money=200&pin=1234" for ::1 at 2023-08-04 11:42:27 +0530
  [1m[36mActiveRecord::SchemaMigration Pluck (0.5ms)[0m  [1m[34mSELECT "schema_migrations"."version" FROM "schema_migrations" ORDER BY "schema_migrations"."version" ASC[0m
Processing by AccountsController#deposit as */*
  Parameters: {"cust_id"=>"geeta@12", "deposit_money"=>"200", "pin"=>"1234"}
  [1m[36mAccount Load (0.6ms)[0m  [1m[34mSELECT "accounts".* FROM "accounts" WHERE "accounts"."cust_id" = $1 LIMIT $2[0m  [["cust_id", "geeta@12"], ["LIMIT", 1]]
  ↳ app/controllers/accounts_controller.rb:44:in `deposit'
  [1m[36mTRANSACTION (0.3ms)[0m  [1m[35mBEGIN[0m
  ↳ app/controllers/accounts_controller.rb:47:in `deposit'
  [1m[36mAccount Exists? (0.6ms)[0m  [1m[34mSELECT 1 AS one FROM "accounts" WHERE "accounts"."cust_id" = $1 AND "accounts"."id" != $2 LIMIT $3[0m  [["cust_id", "geeta@12"], ["id", 1], ["LIMIT", 1]]
  ↳ app/controllers/accounts_controller.rb:47:in `deposit'
  [1m[36mAccount Update (0.6ms)[0m  [1m[33mUPDATE "accounts" SET "amount" = $1, "updated_at" = $2 WHERE "accounts"."id" = $3[0m  [["amount", 11000], ["updated_at", "2023-08-04 06:12:27.336293"], ["id", 1]]
  ↳ app/controllers/accounts_controller.rb:47:in `deposit'
  [1m[36mTRANSACTION (1.2ms)[0m  [1m[35mCOMMIT[0m
  ↳ app/controllers/accounts_controller.rb:47:in `deposit'
Completed 500 Internal Server Error in 53ms (ActiveRecord: 13.9ms | Allocations: 21121)


  
ActiveModel::UnknownAttributeError (unknown attribute 'Transaction_type' for Transaction.):
  
app/controllers/accounts_controller.rb:48:in `deposit'
Started GET "/deposit_money?cust_id=geeta@12&deposit_money=100&pin=1234" for ::1 at 2023-08-04 11:43:05 +0530
Processing by AccountsController#deposit as */*
  Parameters: {"cust_id"=>"geeta@12", "deposit_money"=>"100", "pin"=>"1234"}
  [1m[36mAccount Load (0.5ms)[0m  [1m[34mSELECT "accounts".* FROM "accounts" WHERE "accounts"."cust_id" = $1 LIMIT $2[0m  [["cust_id", "geeta@12"], ["LIMIT", 1]]
  ↳ app/controllers/accounts_controller.rb:44:in `deposit'
  [1m[36mTRANSACTION (0.4ms)[0m  [1m[35mBEGIN[0m
  ↳ app/controllers/accounts_controller.rb:47:in `deposit'
  [1m[36mAccount Exists? (0.5ms)[0m  [1m[34mSELECT 1 AS one FROM "accounts" WHERE "accounts"."cust_id" = $1 AND "accounts"."id" != $2 LIMIT $3[0m  [["cust_id", "geeta@12"], ["id", 1], ["LIMIT", 1]]
  ↳ app/controllers/accounts_controller.rb:47:in `deposit'
  [1m[36mAccount Update (0.8ms)[0m  [1m[33mUPDATE "accounts" SET "amount" = $1, "updated_at" = $2 WHERE "accounts"."id" = $3[0m  [["amount", 11100], ["updated_at", "2023-08-04 06:13:06.017052"], ["id", 1]]
  ↳ app/controllers/accounts_controller.rb:47:in `deposit'
  [1m[36mTRANSACTION (1.2ms)[0m  [1m[35mCOMMIT[0m
  ↳ app/controllers/accounts_controller.rb:47:in `deposit'
  [1m[36mTRANSACTION (0.3ms)[0m  [1m[35mBEGIN[0m
  ↳ app/controllers/accounts_controller.rb:48:in `deposit'
  [1m[36mTransaction Create (1.4ms)[0m  [1m[32mINSERT INTO "transactions" ("cust_id", "transaction_type", "amount", "account_id", "created_at", "updated_at") VALUES ($1, $2, $3, $4, $5, $6) RETURNING "id"[0m  [["cust_id", "geeta@12"], ["transaction_type", "deposit"], ["amount", 100], ["account_id", 1], ["created_at", "2023-08-04 06:13:06.035739"], ["updated_at", "2023-08-04 06:13:06.035739"]]
  ↳ app/controllers/accounts_controller.rb:48:in `deposit'
  [1m[36mTRANSACTION (1.0ms)[0m  [1m[35mCOMMIT[0m
  ↳ app/controllers/accounts_controller.rb:48:in `deposit'
Completed 200 OK in 78ms (Views: 0.6ms | ActiveRecord: 17.5ms | Allocations: 10639)


Started GET "/transaction_history?cust_id=geeta@12&pin=1234" for ::1 at 2023-08-04 11:49:00 +0530
Processing by AccountsController#transaction_history as */*
  Parameters: {"cust_id"=>"geeta@12", "pin"=>"1234"}
Completed 500 Internal Server Error in 36ms (ActiveRecord: 14.7ms | Allocations: 4865)


  
ActiveRecord::StatementInvalid (PG::UndefinedColumn: ERROR:  column accounts.p_pin does not exist
LINE 1: ...OM "accounts" WHERE "accounts"."cust_id" = $1 AND "accounts"...
                                                             ^
HINT:  Perhaps you meant to reference the column "accounts.pin".
):
  
app/controllers/accounts_controller.rb:87:in `transaction_history'
Started GET "/transaction_history?cust_id=geeta@12&pin=1234" for ::1 at 2023-08-04 11:49:24 +0530
Processing by AccountsController#transaction_history as */*
  Parameters: {"cust_id"=>"geeta@12", "pin"=>"1234"}
  [1m[36mAccount Load (0.8ms)[0m  [1m[34mSELECT "accounts".* FROM "accounts" WHERE "accounts"."cust_id" = $1 AND "accounts"."pin" = $2 LIMIT $3[0m  [["cust_id", "geeta@12"], ["pin", "1234"], ["LIMIT", 1]]
  ↳ app/controllers/accounts_controller.rb:87:in `transaction_history'
  [1m[36mTransaction Load (1.2ms)[0m  [1m[34mSELECT "transactions".* FROM "transactions" WHERE "transactions"."cust_id" = $1[0m  [["cust_id", "geeta@12"]]
  ↳ app/controllers/accounts_controller.rb:90:in `transaction_history'
Completed 200 OK in 43ms (Views: 8.4ms | ActiveRecord: 18.4ms | Allocations: 6741)


Started GET "/transfer_money?transfer_money=100&pin=1234&sender_id=priya@12&receiver_id=geeta@12" for ::1 at 2023-08-04 11:52:17 +0530
Processing by AccountsController#transfer as */*
  Parameters: {"transfer_money"=>"100", "pin"=>"1234", "sender_id"=>"priya@12", "receiver_id"=>"geeta@12"}
  [1m[36mAccount Load (0.4ms)[0m  [1m[34mSELECT "accounts".* FROM "accounts" WHERE "accounts"."cust_id" = $1 LIMIT $2[0m  [["cust_id", "priya@12"], ["LIMIT", 1]]
  ↳ app/controllers/accounts_controller.rb:72:in `transfer'
  [1m[36mAccount Load (0.6ms)[0m  [1m[34mSELECT "accounts".* FROM "accounts" WHERE "accounts"."cust_id" = $1 LIMIT $2[0m  [["cust_id", "geeta@12"], ["LIMIT", 1]]
  ↳ app/controllers/accounts_controller.rb:73:in `transfer'
  [1m[36mTRANSACTION (0.4ms)[0m  [1m[35mBEGIN[0m
  ↳ app/controllers/accounts_controller.rb:78:in `transfer'
  [1m[36mAccount Exists? (0.7ms)[0m  [1m[34mSELECT 1 AS one FROM "accounts" WHERE "accounts"."cust_id" = $1 AND "accounts"."id" != $2 LIMIT $3[0m  [["cust_id", "priya@12"], ["id", 2], ["LIMIT", 1]]
  ↳ app/controllers/accounts_controller.rb:78:in `transfer'
  [1m[36mAccount Update (4.5ms)[0m  [1m[33mUPDATE "accounts" SET "amount" = $1, "updated_at" = $2 WHERE "accounts"."id" = $3[0m  [["amount", 1500], ["updated_at", "2023-08-04 06:22:23.327158"], ["id", 2]]
  ↳ app/controllers/accounts_controller.rb:78:in `transfer'
  [1m[36mTRANSACTION (2.3ms)[0m  [1m[35mCOMMIT[0m
  ↳ app/controllers/accounts_controller.rb:78:in `transfer'
  [1m[36mTRANSACTION (1.1ms)[0m  [1m[35mBEGIN[0m
  ↳ app/controllers/accounts_controller.rb:79:in `transfer'
  [1m[36mAccount Exists? (0.8ms)[0m  [1m[34mSELECT 1 AS one FROM "accounts" WHERE "accounts"."cust_id" = $1 AND "accounts"."id" != $2 LIMIT $3[0m  [["cust_id", "geeta@12"], ["id", 1], ["LIMIT", 1]]
  ↳ app/controllers/accounts_controller.rb:79:in `transfer'
  [1m[36mAccount Update (4.0ms)[0m  [1m[33mUPDATE "accounts" SET "amount" = $1, "updated_at" = $2 WHERE "accounts"."id" = $3[0m  [["amount", 11200], ["updated_at", "2023-08-04 06:22:23.354675"], ["id", 1]]
  ↳ app/controllers/accounts_controller.rb:79:in `transfer'
  [1m[36mTRANSACTION (1.1ms)[0m  [1m[35mCOMMIT[0m
  ↳ app/controllers/accounts_controller.rb:79:in `transfer'
  [1m[36mTRANSACTION (4.4ms)[0m  [1m[35mBEGIN[0m
  ↳ app/controllers/accounts_controller.rb:80:in `transfer'
  [1m[36mTransaction Create (1.1ms)[0m  [1m[32mINSERT INTO "transactions" ("cust_id", "transaction_type", "amount", "account_id", "created_at", "updated_at") VALUES ($1, $2, $3, $4, $5, $6) RETURNING "id"[0m  [["cust_id", "priya@12"], ["transaction_type", "transfer"], ["amount", 100], ["account_id", 2], ["created_at", "2023-08-04 06:22:23.382169"], ["updated_at", "2023-08-04 06:22:23.382169"]]
  ↳ app/controllers/accounts_controller.rb:80:in `transfer'
  [1m[36mTRANSACTION (1.1ms)[0m  [1m[35mCOMMIT[0m
  ↳ app/controllers/accounts_controller.rb:80:in `transfer'
  [1m[36mTRANSACTION (0.4ms)[0m  [1m[35mBEGIN[0m
  ↳ app/controllers/accounts_controller.rb:81:in `transfer'
  [1m[36mTransaction Create (0.8ms)[0m  [1m[32mINSERT INTO "transactions" ("cust_id", "transaction_type", "amount", "account_id", "created_at", "updated_at") VALUES ($1, $2, $3, $4, $5, $6) RETURNING "id"[0m  [["cust_id", "geeta@12"], ["transaction_type", "received"], ["amount", 100], ["account_id", 1], ["created_at", "2023-08-04 06:22:23.396651"], ["updated_at", "2023-08-04 06:22:23.396651"]]
  ↳ app/controllers/accounts_controller.rb:81:in `transfer'
  [1m[36mTRANSACTION (1.2ms)[0m  [1m[35mCOMMIT[0m
  ↳ app/controllers/accounts_controller.rb:81:in `transfer'
Completed 200 OK in 6055ms (Views: 1.0ms | ActiveRecord: 36.9ms | Allocations: 107864)


Started GET "/transaction_history?cust_id=geeta@12&pin=1234" for ::1 at 2023-08-04 11:52:40 +0530
Processing by AccountsController#transaction_history as */*
  Parameters: {"cust_id"=>"geeta@12", "pin"=>"1234"}
  [1m[36mAccount Load (0.6ms)[0m  [1m[34mSELECT "accounts".* FROM "accounts" WHERE "accounts"."cust_id" = $1 AND "accounts"."pin" = $2 LIMIT $3[0m  [["cust_id", "geeta@12"], ["pin", "1234"], ["LIMIT", 1]]
  ↳ app/controllers/accounts_controller.rb:90:in `transaction_history'
  [1m[36mTransaction Load (0.6ms)[0m  [1m[34mSELECT "transactions".* FROM "transactions" WHERE "transactions"."cust_id" = $1[0m  [["cust_id", "geeta@12"]]
  ↳ app/controllers/accounts_controller.rb:93:in `transaction_history'
Completed 200 OK in 9ms (Views: 2.9ms | ActiveRecord: 1.1ms | Allocations: 1912)


Started GET "/transaction_history?cust_id=priya@12&pin=1234" for ::1 at 2023-08-04 11:52:54 +0530
Processing by AccountsController#transaction_history as */*
  Parameters: {"cust_id"=>"priya@12", "pin"=>"1234"}
  [1m[36mAccount Load (0.5ms)[0m  [1m[34mSELECT "accounts".* FROM "accounts" WHERE "accounts"."cust_id" = $1 AND "accounts"."pin" = $2 LIMIT $3[0m  [["cust_id", "priya@12"], ["pin", "1234"], ["LIMIT", 1]]
  ↳ app/controllers/accounts_controller.rb:90:in `transaction_history'
  [1m[36mTransaction Load (3.3ms)[0m  [1m[34mSELECT "transactions".* FROM "transactions" WHERE "transactions"."cust_id" = $1[0m  [["cust_id", "priya@12"]]
  ↳ app/controllers/accounts_controller.rb:93:in `transaction_history'
Completed 200 OK in 13ms (Views: 4.4ms | ActiveRecord: 3.8ms | Allocations: 1401)


Started GET "/transaction_history?cust_id=geeta@12&pin=1234" for ::1 at 2023-08-04 12:24:42 +0530
Processing by AccountsController#transaction_history as */*
  Parameters: {"cust_id"=>"geeta@12", "pin"=>"1234"}
  [1m[36mAccount Load (0.6ms)[0m  [1m[34mSELECT "accounts".* FROM "accounts" WHERE "accounts"."cust_id" = $1 AND "accounts"."pin" = $2 LIMIT $3[0m  [["cust_id", "geeta@12"], ["pin", "1234"], ["LIMIT", 1]]
  ↳ app/controllers/accounts_controller.rb:90:in `transaction_history'
  [1m[36mTransaction Load (0.5ms)[0m  [1m[34mSELECT "transactions".* FROM "transactions" WHERE "transactions"."cust_id" = $1[0m  [["cust_id", "geeta@12"]]
  ↳ app/controllers/accounts_controller.rb:93:in `transaction_history'
Completed 200 OK in 34ms (Views: 2.6ms | ActiveRecord: 13.4ms | Allocations: 4654)


Started GET "/account_details?cust_id=geeta@12&input=n" for ::1 at 2023-08-04 12:28:42 +0530
Processing by AccountsController#account_details as */*
  Parameters: {"cust_id"=>"geeta@12", "input"=>"n"}
  [1m[36mAccount Load (0.4ms)[0m  [1m[34mSELECT "accounts".* FROM "accounts" WHERE "accounts"."cust_id" = $1 LIMIT $2[0m  [["cust_id", "geeta@12"], ["LIMIT", 1]]
  ↳ app/controllers/accounts_controller.rb:23:in `account_details'
Completed 200 OK in 24ms (Views: 0.4ms | ActiveRecord: 10.3ms | Allocations: 3549)


Started GET "/account_details?cust_id=geeta@12&input=na" for ::1 at 2023-08-04 12:28:47 +0530
Processing by AccountsController#account_details as */*
  Parameters: {"cust_id"=>"geeta@12", "input"=>"na"}
  [1m[36mAccount Load (0.4ms)[0m  [1m[34mSELECT "accounts".* FROM "accounts" WHERE "accounts"."cust_id" = $1 LIMIT $2[0m  [["cust_id", "geeta@12"], ["LIMIT", 1]]
  ↳ app/controllers/accounts_controller.rb:23:in `account_details'
Completed 200 OK in 3ms (Views: 0.3ms | ActiveRecord: 0.4ms | Allocations: 669)


